Using pre-set license
Built from '2021.3/staging' branch; Version is '2021.3.37f1 (3b6005ad5ad6) revision 3891205'; Using compiler version '192829333'; Build Type 'Release'
OS: 'Windows 11  (10.0.22631) 64bit Professional' Language: 'tr' Physical Memory: 16222 MB
BatchMode: 1, IsHumanControllingUs: 0, StartBugReporterOnCrash: 0, Is64bit: 1, IsPro: 1

COMMAND LINE ARGUMENTS:
D:\UNITY\2021.3.37f1\Editor\Unity.exe
-adb2
-batchMode
-noUpm
-name
AssetImportWorker0
-projectPath
D:/UNITY/UNITY SCRIPTS/3d cosmic
-logFile
Logs/AssetImportWorker0.log
-srvPort
50208
Successfully changed project path to: D:/UNITY/UNITY SCRIPTS/3d cosmic
D:/UNITY/UNITY SCRIPTS/3d cosmic
[UnityMemory] Configuration Parameters - Can be set up in boot.config
    "memorysetup-bucket-allocator-granularity=16"
    "memorysetup-bucket-allocator-bucket-count=8"
    "memorysetup-bucket-allocator-block-size=33554432"
    "memorysetup-bucket-allocator-block-count=8"
    "memorysetup-main-allocator-block-size=16777216"
    "memorysetup-thread-allocator-block-size=16777216"
    "memorysetup-gfx-main-allocator-block-size=16777216"
    "memorysetup-gfx-thread-allocator-block-size=16777216"
    "memorysetup-cache-allocator-block-size=4194304"
    "memorysetup-typetree-allocator-block-size=2097152"
    "memorysetup-profiler-bucket-allocator-granularity=16"
    "memorysetup-profiler-bucket-allocator-bucket-count=8"
    "memorysetup-profiler-bucket-allocator-block-size=33554432"
    "memorysetup-profiler-bucket-allocator-block-count=8"
    "memorysetup-profiler-allocator-block-size=16777216"
    "memorysetup-profiler-editor-allocator-block-size=1048576"
    "memorysetup-temp-allocator-size-main=16777216"
    "memorysetup-job-temp-allocator-block-size=2097152"
    "memorysetup-job-temp-allocator-block-size-background=1048576"
    "memorysetup-job-temp-allocator-reduction-small-platforms=262144"
    "memorysetup-temp-allocator-size-background-worker=32768"
    "memorysetup-temp-allocator-size-job-worker=262144"
    "memorysetup-temp-allocator-size-preload-manager=33554432"
    "memorysetup-temp-allocator-size-nav-mesh-worker=65536"
    "memorysetup-temp-allocator-size-audio-worker=65536"
    "memorysetup-temp-allocator-size-cloud-worker=32768"
    "memorysetup-temp-allocator-size-gi-baking-worker=262144"
    "memorysetup-temp-allocator-size-gfx=262144"
Player connection [4760] Host "[IP] 192.168.1.20 [Port] 0 [Flags] 2 [Guid] 2846164252 [EditorId] 2846164252 [Version] 1048832 [Id] WindowsEditor(7,ACS-computer) [Debug] 1 [PackageName] WindowsEditor [ProjectName] Editor" joined multi-casting on [225.0.0.222:54997]...

Player connection [4760] Host "[IP] 192.168.1.20 [Port] 0 [Flags] 2 [Guid] 2846164252 [EditorId] 2846164252 [Version] 1048832 [Id] WindowsEditor(7,ACS-computer) [Debug] 1 [PackageName] WindowsEditor [ProjectName] Editor" joined alternative multi-casting on [225.0.0.222:34997]...

[Physics::Module] Initialized MultithreadedJobDispatcher with {0} workers.
Refreshing native plugins compatible for Editor in 172.92 ms, found 3 plugins.
Preloading 0 native plugins for Editor in 0.00 ms.
Initialize engine version: 2021.3.37f1 (3b6005ad5ad6)
[Subsystems] Discovering subsystems at path D:/UNITY/2021.3.37f1/Editor/Data/Resources/UnitySubsystems
[Subsystems] Discovering subsystems at path D:/UNITY/UNITY SCRIPTS/3d cosmic/Assets
GfxDevice: creating device client; threaded=0; jobified=0
Direct3D:
    Version:  Direct3D 11.0 [level 11.1]
    Renderer: NVIDIA GeForce GTX 1650 (ID=0x1f99)
    Vendor:   NVIDIA
    VRAM:     3937 MB
    Driver:   32.0.15.5612
Initialize mono
Mono path[0] = 'D:/UNITY/2021.3.37f1/Editor/Data/Managed'
Mono path[1] = 'D:/UNITY/2021.3.37f1/Editor/Data/MonoBleedingEdge/lib/mono/unityjit-win32'
Mono config path = 'D:/UNITY/2021.3.37f1/Editor/Data/MonoBleedingEdge/etc'
Using monoOptions --debugger-agent=transport=dt_socket,embedding=1,server=y,suspend=n,address=127.0.0.1:56908
Begin MonoManager ReloadAssembly
Registering precompiled unity dll's ...
Register platform support module: D:/UNITY/2021.3.37f1/Editor/Data/PlaybackEngines/AndroidPlayer/UnityEditor.Android.Extensions.dll
Register platform support module: D:/UNITY/2021.3.37f1/Editor/Data/PlaybackEngines/WindowsStandaloneSupport/UnityEditor.WindowsStandalone.Extensions.dll
Registered in 0.004155 seconds.
Native extension for WindowsStandalone target not found
Native extension for Android target not found
Android Extension - Scanning For ADB Devices 392 ms
Refreshing native plugins compatible for Editor in 113.85 ms, found 3 plugins.
Preloading 0 native plugins for Editor in 0.00 ms.
Mono: successfully reloaded assembly
- Completed reload, in  2.094 seconds
Domain Reload Profiling:
	ReloadAssembly (2094ms)
		BeginReloadAssembly (494ms)
			ExecutionOrderSort (0ms)
			DisableScriptedObjects (0ms)
			BackupInstance (0ms)
			ReleaseScriptingObjects (0ms)
			CreateAndSetChildDomain (1ms)
		EndReloadAssembly (1328ms)
			LoadAssemblies (494ms)
			RebuildTransferFunctionScriptingTraits (0ms)
			SetupTypeCache (292ms)
			ReleaseScriptCaches (0ms)
			RebuildScriptCaches (70ms)
			SetupLoadedEditorAssemblies (872ms)
				LogAssemblyErrors (0ms)
				InitializePlatformSupportModulesInManaged (591ms)
				SetLoadedEditorAssemblies (0ms)
				RefreshPlugins (114ms)
				BeforeProcessingInitializeOnLoad (2ms)
				ProcessInitializeOnLoadAttributes (117ms)
				ProcessInitializeOnLoadMethodAttributes (48ms)
				AfterProcessingInitializeOnLoad (0ms)
				EditorAssembliesLoaded (0ms)
			ExecutionOrderSort2 (0ms)
			AwakeInstancesAfterBackupRestoration (0ms)
Platform modules already initialized, skipping
Registering precompiled user dll's ...
Registered in 0.006727 seconds.
Begin MonoManager ReloadAssembly
Native extension for WindowsStandalone target not found
Native extension for Android target not found
Refreshing native plugins compatible for Editor in 155.93 ms, found 3 plugins.
Preloading 0 native plugins for Editor in 0.00 ms.
Package Manager log level set to [2]
[Package Manager] Server::EnsureServerProcessIsRunning -- launch failed, reason: Unity was launched with the -noUpm command-line argument
[Package Manager] Cannot connect to Unity Package Manager local server
Mono: successfully reloaded assembly
- Completed reload, in  2.264 seconds
Domain Reload Profiling:
	ReloadAssembly (2265ms)
		BeginReloadAssembly (245ms)
			ExecutionOrderSort (0ms)
			DisableScriptedObjects (18ms)
			BackupInstance (0ms)
			ReleaseScriptingObjects (0ms)
			CreateAndSetChildDomain (22ms)
		EndReloadAssembly (1857ms)
			LoadAssemblies (229ms)
			RebuildTransferFunctionScriptingTraits (0ms)
			SetupTypeCache (482ms)
			ReleaseScriptCaches (1ms)
			RebuildScriptCaches (98ms)
			SetupLoadedEditorAssemblies (1101ms)
				LogAssemblyErrors (0ms)
				InitializePlatformSupportModulesInManaged (24ms)
				SetLoadedEditorAssemblies (0ms)
				RefreshPlugins (156ms)
				BeforeProcessingInitializeOnLoad (122ms)
				ProcessInitializeOnLoadAttributes (695ms)
				ProcessInitializeOnLoadMethodAttributes (100ms)
				AfterProcessingInitializeOnLoad (3ms)
				EditorAssembliesLoaded (0ms)
			ExecutionOrderSort2 (0ms)
			AwakeInstancesAfterBackupRestoration (10ms)
Platform modules already initialized, skipping
========================================================================
Worker process is ready to serve import requests
Launched and connected shader compiler UnityShaderCompiler.exe after 0.38 seconds
Refreshing native plugins compatible for Editor in 1.78 ms, found 3 plugins.
Preloading 0 native plugins for Editor in 0.00 ms.
Unloading 4856 Unused Serialized files (Serialized files now loaded: 0)
Unloading 33 unused Assets / (0.7 MB). Loaded Objects now: 5314.
Memory consumption went from 197.5 MB to 196.8 MB.
Total: 7.919900 ms (FindLiveObjects: 0.821200 ms CreateObjectMapping: 0.797300 ms MarkObjects: 5.674000 ms  DeleteObjects: 0.624700 ms)

AssetImportParameters requested are different than current active one (requested -> active):
  custom:video-decoder-ogg-theora: a1e56fd34408186e4bbccfd4996cb3dc -> 
  custom:container-muxer-webm: aa71ff27fc2769a1b78a27578f13a17b -> 
  custom:container-demuxer-webm: 4f35f7cbe854078d1ac9338744f61a02 -> 
  custom:video-encoder-webm-vp8: eb34c28f22e8b96e1ab97ce403110664 -> 
  custom:CustomObjectIndexerAttribute: 6b0e35c9178b02a6363f3721b7b8e397 -> 
  custom:audio-encoder-webm-vorbis: bf7c407c2cedff20999df2af8eb42d56 -> 
  custom:framework-win-MediaFoundation: 216162199b28c13a410421893ffa2e32 -> 
  custom:SearchIndexIgnoredProperties: e643bd26f0fe6173181afceb89e7c659 -> 
  custom:container-demuxer-ogg: 62fdf1f143b41e24485cea50d1cbac27 -> 
  custom:video-decoder-webm-vp8: 9c59270c3fd7afecdb556c50c9e8de78 -> 
  custom:audio-decoder-ogg-vorbis: bf7c407c2cedff20999df2af8eb42d56 -> 
========================================================================
Received Import Request.
  Time since last request: 493.234270 seconds.
  path: Assets/3D MODELS/sketchfab.fbx
  artifactKey: Guid(a51f80d5bc030754aa80524d43f3540b) Importer(815301076,1909f56bfc062723c751e8b465ee728b)
Number of updated assets reloaded before import = 0
Start importing Assets/3D MODELS/sketchfab.fbx using Guid(a51f80d5bc030754aa80524d43f3540b) Importer(815301076,1909f56bfc062723c751e8b465ee728b)  -> (artifact id: '452d1a7d264c4c2e0c503f58351a044c') in 3.213902 seconds 
Number of asset objects unloaded after import = 83
========================================================================
Received Import Request.
  Time since last request: 0.000031 seconds.
  path: Assets/3D MODELS/PlayerModel_Rigged.fbx
  artifactKey: Guid(0aa9f794453e0f64aa9745976a03398e) Importer(815301076,1909f56bfc062723c751e8b465ee728b)
Number of updated assets reloaded before import = 0
Start importing Assets/3D MODELS/PlayerModel_Rigged.fbx using Guid(0aa9f794453e0f64aa9745976a03398e) Importer(815301076,1909f56bfc062723c751e8b465ee728b)  -> (artifact id: '7eff9750c9788d6ea477d339e52bd023') in 0.214110 seconds 
Number of asset objects unloaded after import = 60
========================================================================
Received Import Request.
  Time since last request: 74.917203 seconds.
  path: Assets/sketchfab.fbx
  artifactKey: Guid(dbe79785cfac5a14896be9fd6923ac2b) Importer(815301076,1909f56bfc062723c751e8b465ee728b)
Number of updated assets reloaded before import = 0
Start importing Assets/sketchfab.fbx using Guid(dbe79785cfac5a14896be9fd6923ac2b) Importer(815301076,1909f56bfc062723c751e8b465ee728b)  -> (artifact id: '8da256affb5140c62f2a8bdc9a149c32') in 0.058287 seconds 
Number of asset objects unloaded after import = 83
========================================================================
Received Import Request.
  Time since last request: 41.922494 seconds.
  path: Assets/Renderer/New Universal Render Pipeline Asset.asset
  artifactKey: Guid(a62d4295d896130408f3f1cc40f9186f) Importer(815301076,1909f56bfc062723c751e8b465ee728b)
Number of updated assets reloaded before import = 0
Start importing Assets/Renderer/New Universal Render Pipeline Asset.asset using Guid(a62d4295d896130408f3f1cc40f9186f) Importer(815301076,1909f56bfc062723c751e8b465ee728b)  -> (artifact id: '088908ec86050447cf22bf67e972919c') in 0.048025 seconds 
Number of asset objects unloaded after import = 48
========================================================================
Received Import Request.
  Time since last request: 109.043051 seconds.
  path: Assets/Yoge/Textures/Stylized - Nature/Materials/Texture_1_Diffuse.mat
  artifactKey: Guid(489ae478e6164b14688c79505d0f91c5) Importer(815301076,1909f56bfc062723c751e8b465ee728b)
Number of updated assets reloaded before import = 0
Start importing Assets/Yoge/Textures/Stylized - Nature/Materials/Texture_1_Diffuse.mat using Guid(489ae478e6164b14688c79505d0f91c5) Importer(815301076,1909f56bfc062723c751e8b465ee728b)  -> (artifact id: '902b3549ba677920d980aa2ea62f7f5f') in 0.303886 seconds 
Number of asset objects unloaded after import = 3
========================================================================
Received Import Request.
  Time since last request: 0.197467 seconds.
  path: Assets/Yoge/Textures/Stylized - Nature/Materials/Texture_5_Diffuse2.mat
  artifactKey: Guid(004ced43bfdeefe419586a6e8fedd249) Importer(815301076,1909f56bfc062723c751e8b465ee728b)
Number of updated assets reloaded before import = 0
Start importing Assets/Yoge/Textures/Stylized - Nature/Materials/Texture_5_Diffuse2.mat using Guid(004ced43bfdeefe419586a6e8fedd249) Importer(815301076,1909f56bfc062723c751e8b465ee728b)  -> (artifact id: 'cd1f875c6f49c3043dad2e5bd7d46e36') in 0.759382 seconds 
Number of asset objects unloaded after import = 3
========================================================================
Received Import Request.
  Time since last request: 0.000020 seconds.
  path: Assets/Yoge/Textures/Stylized - Nature/Materials/Texture_9_Diffuse.mat
  artifactKey: Guid(b12a82ca26769fb4b972e6cb3baf7a2e) Importer(815301076,1909f56bfc062723c751e8b465ee728b)
Number of updated assets reloaded before import = 0
Start importing Assets/Yoge/Textures/Stylized - Nature/Materials/Texture_9_Diffuse.mat using Guid(b12a82ca26769fb4b972e6cb3baf7a2e) Importer(815301076,1909f56bfc062723c751e8b465ee728b)  -> (artifact id: '9d92140136b0cf989e98362f563ca7ef') in 0.464682 seconds 
Number of asset objects unloaded after import = 3
========================================================================
Received Import Request.
  Time since last request: 0.000046 seconds.
  path: Assets/Yoge/Textures/Stylized - Nature/Materials/Texture_10_Diffuse.mat
  artifactKey: Guid(af3495f948dc9a34488ae4ef2560b899) Importer(815301076,1909f56bfc062723c751e8b465ee728b)
Number of updated assets reloaded before import = 0
Start importing Assets/Yoge/Textures/Stylized - Nature/Materials/Texture_10_Diffuse.mat using Guid(af3495f948dc9a34488ae4ef2560b899) Importer(815301076,1909f56bfc062723c751e8b465ee728b)  -> (artifact id: '352fcd876837099830fb2a4cd0bb3c8b') in 0.363522 seconds 
Number of asset objects unloaded after import = 3
========================================================================
Received Prepare
Switching render pipeline 00000000000000000000000000000000 -> a62d4295d896130408f3f1cc40f9186f
Refreshing native plugins compatible for Editor in 7.48 ms, found 3 plugins.
Preloading 0 native plugins for Editor in 0.00 ms.
Unloading 74 Unused Serialized files (Serialized files now loaded: 0)
Unloading 26 unused Assets / (0.7 MB). Loaded Objects now: 5407.
Memory consumption went from 110.0 MB to 109.3 MB.
Total: 8.152200 ms (FindLiveObjects: 0.569700 ms CreateObjectMapping: 0.788200 ms MarkObjects: 6.232300 ms  DeleteObjects: 0.560200 ms)

AssetImportParameters requested are different than current active one (requested -> active):
  custom:video-decoder-ogg-theora: a1e56fd34408186e4bbccfd4996cb3dc -> 
  custom:container-muxer-webm: aa71ff27fc2769a1b78a27578f13a17b -> 
  custom:container-demuxer-webm: 4f35f7cbe854078d1ac9338744f61a02 -> 
  custom:video-encoder-webm-vp8: eb34c28f22e8b96e1ab97ce403110664 -> 
  custom:CustomObjectIndexerAttribute: 6b0e35c9178b02a6363f3721b7b8e397 -> 
  custom:audio-encoder-webm-vorbis: bf7c407c2cedff20999df2af8eb42d56 -> 
  custom:framework-win-MediaFoundation: 216162199b28c13a410421893ffa2e32 -> 
  custom:SearchIndexIgnoredProperties: e643bd26f0fe6173181afceb89e7c659 -> 
  custom:container-demuxer-ogg: 62fdf1f143b41e24485cea50d1cbac27 -> 
  custom:video-decoder-webm-vp8: 9c59270c3fd7afecdb556c50c9e8de78 -> 
  custom:audio-decoder-ogg-vorbis: bf7c407c2cedff20999df2af8eb42d56 -> 
========================================================================
Received Import Request.
  Time since last request: 47.876726 seconds.
  path: Assets/Yoge/Textures/Stylized - Nature/Texture_5_1_Normal.png
  artifactKey: Guid(0dcb10f767cee614aacfae764787492c) Importer(815301076,1909f56bfc062723c751e8b465ee728b)
Number of updated assets reloaded before import = 0
Start importing Assets/Yoge/Textures/Stylized - Nature/Texture_5_1_Normal.png using Guid(0dcb10f767cee614aacfae764787492c) Importer(815301076,1909f56bfc062723c751e8b465ee728b)  -> (artifact id: '25ddaaf32bf39fa0b95dadabec847848') in 0.158338 seconds 
Number of asset objects unloaded after import = 2
========================================================================
Received Import Request.
  Time since last request: 0.000052 seconds.
  path: Assets/Yoge/Textures/Stylized - Nature/Texture_2_Diffuse2.png
  artifactKey: Guid(03e87c55c9c8a0a48aa7d25ebafb26b2) Importer(815301076,1909f56bfc062723c751e8b465ee728b)
Number of updated assets reloaded before import = 0
Start importing Assets/Yoge/Textures/Stylized - Nature/Texture_2_Diffuse2.png using Guid(03e87c55c9c8a0a48aa7d25ebafb26b2) Importer(815301076,1909f56bfc062723c751e8b465ee728b)  -> (artifact id: 'b72836caad32e7d6f87217f9a99f5a00') in 0.285583 seconds 
Number of asset objects unloaded after import = 2
========================================================================
Received Import Request.
  Time since last request: 0.000039 seconds.
  path: Assets/Yoge/Textures/Stylized - Nature/Texture_7_Normal.png
  artifactKey: Guid(d6e6cea87adfaa242be1056d4730f7ba) Importer(815301076,1909f56bfc062723c751e8b465ee728b)
Number of updated assets reloaded before import = 0
Start importing Assets/Yoge/Textures/Stylized - Nature/Texture_7_Normal.png using Guid(d6e6cea87adfaa242be1056d4730f7ba) Importer(815301076,1909f56bfc062723c751e8b465ee728b)  -> (artifact id: '160634b34b377b7e348564ef1fe8abd1') in 0.172713 seconds 
Number of asset objects unloaded after import = 2
========================================================================
Received Import Request.
  Time since last request: 0.015089 seconds.
  path: Assets/Yoge/Textures/Stylized - Nature/Texture_10_Normal.png
  artifactKey: Guid(4f7785edaad42df409151b15faf422c1) Importer(815301076,1909f56bfc062723c751e8b465ee728b)
Number of updated assets reloaded before import = 0
Start importing Assets/Yoge/Textures/Stylized - Nature/Texture_10_Normal.png using Guid(4f7785edaad42df409151b15faf422c1) Importer(815301076,1909f56bfc062723c751e8b465ee728b)  -> (artifact id: 'c36edaed9e653b60541259380c7bce7e') in 0.121757 seconds 
Number of asset objects unloaded after import = 2
========================================================================
Received Import Request.
  Time since last request: 0.000026 seconds.
  path: Assets/Yoge/Textures/Stylized - Nature/Texture_10_Diffuse.png
  artifactKey: Guid(6e271b03cd5ba2344935c933d9bad147) Importer(815301076,1909f56bfc062723c751e8b465ee728b)
Number of updated assets reloaded before import = 0
Start importing Assets/Yoge/Textures/Stylized - Nature/Texture_10_Diffuse.png using Guid(6e271b03cd5ba2344935c933d9bad147) Importer(815301076,1909f56bfc062723c751e8b465ee728b)  -> (artifact id: '5b62c3a2d266fadad067d160a296e02c') in 0.091738 seconds 
Number of asset objects unloaded after import = 2
========================================================================
Received Import Request.
  Time since last request: 0.000058 seconds.
  path: Assets/Yoge/Textures/Stylized - Nature/Texture_11_Normal.png
  artifactKey: Guid(3349b197a1422a6428992e51663fc427) Importer(815301076,1909f56bfc062723c751e8b465ee728b)
Number of updated assets reloaded before import = 0
Start importing Assets/Yoge/Textures/Stylized - Nature/Texture_11_Normal.png using Guid(3349b197a1422a6428992e51663fc427) Importer(815301076,1909f56bfc062723c751e8b465ee728b)  -> (artifact id: 'b203d58740e54b6f251efc83824e2b92') in 0.513219 seconds 
Number of asset objects unloaded after import = 2
========================================================================
Received Import Request.
  Time since last request: 0.000025 seconds.
  path: Assets/Yoge/Textures/Stylized - Nature/Texture_2_Diffuse.png
  artifactKey: Guid(68d11a855d017ab4a8c9babf9b26a677) Importer(815301076,1909f56bfc062723c751e8b465ee728b)
Number of updated assets reloaded before import = 0
Start importing Assets/Yoge/Textures/Stylized - Nature/Texture_2_Diffuse.png using Guid(68d11a855d017ab4a8c9babf9b26a677) Importer(815301076,1909f56bfc062723c751e8b465ee728b)  -> (artifact id: '946f23f1a7a52dc159d80197304de53e') in 0.344612 seconds 
Number of asset objects unloaded after import = 2
========================================================================
Received Import Request.
  Time since last request: 0.000025 seconds.
  path: Assets/Yoge/Textures/Stylized - Nature/Texture_5_Diffuse.png
  artifactKey: Guid(5a3912604b9b17b47aff7f9d9723da92) Importer(815301076,1909f56bfc062723c751e8b465ee728b)
Number of updated assets reloaded before import = 0
Start importing Assets/Yoge/Textures/Stylized - Nature/Texture_5_Diffuse.png using Guid(5a3912604b9b17b47aff7f9d9723da92) Importer(815301076,1909f56bfc062723c751e8b465ee728b)  -> (artifact id: '9a790807fc3c3849177054674d2d2da9') in 0.064475 seconds 
Number of asset objects unloaded after import = 2
========================================================================
Received Import Request.
  Time since last request: 0.000037 seconds.
  path: Assets/Yoge/Textures/Stylized - Nature/Texture_3_Diffuse2.png
  artifactKey: Guid(8ce24c04b29621d4984d6a48493f12fa) Importer(815301076,1909f56bfc062723c751e8b465ee728b)
Number of updated assets reloaded before import = 0
Start importing Assets/Yoge/Textures/Stylized - Nature/Texture_3_Diffuse2.png using Guid(8ce24c04b29621d4984d6a48493f12fa) Importer(815301076,1909f56bfc062723c751e8b465ee728b)  -> (artifact id: 'c8b797311d819cf30d7c5208f8ffda0f') in 0.294701 seconds 
Number of asset objects unloaded after import = 2
========================================================================
Received Import Request.
  Time since last request: 0.000034 seconds.
  path: Assets/Yoge/Textures/Stylized - Nature/Texture_8_Diffuse.png
  artifactKey: Guid(c4e25ba86bedca5438d41fd66a7687fe) Importer(815301076,1909f56bfc062723c751e8b465ee728b)
Number of updated assets reloaded before import = 0
Start importing Assets/Yoge/Textures/Stylized - Nature/Texture_8_Diffuse.png using Guid(c4e25ba86bedca5438d41fd66a7687fe) Importer(815301076,1909f56bfc062723c751e8b465ee728b)  -> (artifact id: 'eaf5628d33b41a2d3c62ef13b407cd83') in 0.358237 seconds 
Number of asset objects unloaded after import = 2
========================================================================
Received Import Request.
  Time since last request: 0.000049 seconds.
  path: Assets/Yoge/Textures/Stylized - Nature/Texture_9_Normal.png
  artifactKey: Guid(a2f204800f36f224b883f5d17e57389c) Importer(815301076,1909f56bfc062723c751e8b465ee728b)
Number of updated assets reloaded before import = 0
Start importing Assets/Yoge/Textures/Stylized - Nature/Texture_9_Normal.png using Guid(a2f204800f36f224b883f5d17e57389c) Importer(815301076,1909f56bfc062723c751e8b465ee728b)  -> (artifact id: '960504a4dda0f3b8f54e1073f12ffc0a') in 0.181579 seconds 
Number of asset objects unloaded after import = 2
========================================================================
Received Import Request.
  Time since last request: 0.000059 seconds.
  path: Assets/Yoge/Textures/Stylized - Nature/Texture_8_Normal.png
  artifactKey: Guid(af5fe32bc0b00f444998e49713d005ba) Importer(815301076,1909f56bfc062723c751e8b465ee728b)
Number of updated assets reloaded before import = 0
Start importing Assets/Yoge/Textures/Stylized - Nature/Texture_8_Normal.png using Guid(af5fe32bc0b00f444998e49713d005ba) Importer(815301076,1909f56bfc062723c751e8b465ee728b)  -> (artifact id: 'b096ffc240b7499e8a41c4c323383b03') in 0.147433 seconds 
Number of asset objects unloaded after import = 2
========================================================================
Received Import Request.
  Time since last request: 0.006239 seconds.
  path: Assets/Yoge/Textures/Stylized - Nature/Texture_2_Normal.png
  artifactKey: Guid(293cb0b0636fbda4fba414611a7e96a2) Importer(815301076,1909f56bfc062723c751e8b465ee728b)
Number of updated assets reloaded before import = 0
Start importing Assets/Yoge/Textures/Stylized - Nature/Texture_2_Normal.png using Guid(293cb0b0636fbda4fba414611a7e96a2) Importer(815301076,1909f56bfc062723c751e8b465ee728b)  -> (artifact id: 'eaa7ab563e55dad116033443156f9875') in 0.175739 seconds 
Number of asset objects unloaded after import = 2
========================================================================
Received Import Request.
  Time since last request: 16.552411 seconds.
  path: Assets/Real Stars Skybox/StarSkybox04NamedConstell/StarSkybox04NamedConstell4.png
  artifactKey: Guid(a286e1629b6f5414d8cc5f6f27dbc131) Importer(815301076,1909f56bfc062723c751e8b465ee728b)
Number of updated assets reloaded before import = 0
Start importing Assets/Real Stars Skybox/StarSkybox04NamedConstell/StarSkybox04NamedConstell4.png using Guid(a286e1629b6f5414d8cc5f6f27dbc131) Importer(815301076,1909f56bfc062723c751e8b465ee728b)  -> (artifact id: '77fd195cfa19c851f0771f1d25c84a81') in 0.516346 seconds 
Number of asset objects unloaded after import = 2
========================================================================
Received Import Request.
  Time since last request: 0.000093 seconds.
  path: Assets/Real Stars Skybox/StarSkybox04/StarSkybox045.png
  artifactKey: Guid(bc8f9c3d8de49024bab7c4052cbd81b0) Importer(815301076,1909f56bfc062723c751e8b465ee728b)
Number of updated assets reloaded before import = 0
Start importing Assets/Real Stars Skybox/StarSkybox04/StarSkybox045.png using Guid(bc8f9c3d8de49024bab7c4052cbd81b0) Importer(815301076,1909f56bfc062723c751e8b465ee728b)  -> (artifact id: 'e542eb8078c9b4f1ee74814393fac238') in 0.046291 seconds 
Number of asset objects unloaded after import = 2
========================================================================
Received Import Request.
  Time since last request: 0.000037 seconds.
  path: Assets/Real Stars Skybox/StarSkybox04/StarSkybox044.png
  artifactKey: Guid(d4d865ffc05192e4d8a5e8a52a02eb3c) Importer(815301076,1909f56bfc062723c751e8b465ee728b)
Number of updated assets reloaded before import = 0
Start importing Assets/Real Stars Skybox/StarSkybox04/StarSkybox044.png using Guid(d4d865ffc05192e4d8a5e8a52a02eb3c) Importer(815301076,1909f56bfc062723c751e8b465ee728b)  -> (artifact id: '8afa89b25b1bb4425979c3c8a3a64c38') in 0.039971 seconds 
Number of asset objects unloaded after import = 2
========================================================================
Received Import Request.
  Time since last request: 0.000026 seconds.
  path: Assets/Real Stars Skybox/StarSkybox04/StarSkybox042.png
  artifactKey: Guid(31ec1046449e0724ab9f74f07c8d0bb6) Importer(815301076,1909f56bfc062723c751e8b465ee728b)
Number of updated assets reloaded before import = 0
Start importing Assets/Real Stars Skybox/StarSkybox04/StarSkybox042.png using Guid(31ec1046449e0724ab9f74f07c8d0bb6) Importer(815301076,1909f56bfc062723c751e8b465ee728b)  -> (artifact id: '5dccde770f27934bd783c4e9665640cf') in 0.056347 seconds 
Number of asset objects unloaded after import = 2
========================================================================
Received Import Request.
  Time since last request: 10.743656 seconds.
  path: Assets/Yoge/Textures/Stylized - Nature/Texture_12_Normal.png
  artifactKey: Guid(c3507247833e38542afdd8d1b336d9aa) Importer(815301076,1909f56bfc062723c751e8b465ee728b)
Number of updated assets reloaded before import = 0
Start importing Assets/Yoge/Textures/Stylized - Nature/Texture_12_Normal.png using Guid(c3507247833e38542afdd8d1b336d9aa) Importer(815301076,1909f56bfc062723c751e8b465ee728b)  -> (artifact id: '2abc29b0a629dbeab4f9896b5595b53e') in 0.274438 seconds 
Number of asset objects unloaded after import = 2
========================================================================
Received Import Request.
  Time since last request: 0.000024 seconds.
  path: Assets/Yoge/Textures/Stylized - Nature/Texture_14_Diffuse2.png
  artifactKey: Guid(9deb31dbcebd65447ac1a6fc2c06a932) Importer(815301076,1909f56bfc062723c751e8b465ee728b)
Number of updated assets reloaded before import = 0
Start importing Assets/Yoge/Textures/Stylized - Nature/Texture_14_Diffuse2.png using Guid(9deb31dbcebd65447ac1a6fc2c06a932) Importer(815301076,1909f56bfc062723c751e8b465ee728b)  -> (artifact id: '506feff788a1e495db3e1021451b80c4') in 0.471565 seconds 
Number of asset objects unloaded after import = 2
========================================================================
Received Import Request.
  Time since last request: 0.000051 seconds.
  path: Assets/Yoge/Textures/Stylized - Nature/Texture_13_Diffuse2.png
  artifactKey: Guid(7f5cff0009cec2a4dacb5a126e5c9570) Importer(815301076,1909f56bfc062723c751e8b465ee728b)
Number of updated assets reloaded before import = 0
Start importing Assets/Yoge/Textures/Stylized - Nature/Texture_13_Diffuse2.png using Guid(7f5cff0009cec2a4dacb5a126e5c9570) Importer(815301076,1909f56bfc062723c751e8b465ee728b)  -> (artifact id: '88b885aaf77eb26c9412016df7f6756f') in 0.256451 seconds 
Number of asset objects unloaded after import = 2
========================================================================
Received Import Request.
  Time since last request: 0.000033 seconds.
  path: Assets/Yoge/Textures/Stylized - Nature/Texture_15_Diffuse2.png
  artifactKey: Guid(9b40ad5e68ad380409966cc334cc6566) Importer(815301076,1909f56bfc062723c751e8b465ee728b)
Number of updated assets reloaded before import = 0
Start importing Assets/Yoge/Textures/Stylized - Nature/Texture_15_Diffuse2.png using Guid(9b40ad5e68ad380409966cc334cc6566) Importer(815301076,1909f56bfc062723c751e8b465ee728b)  -> (artifact id: 'db343945193979b86e0d59111cf217e1') in 0.174115 seconds 
Number of asset objects unloaded after import = 2
========================================================================
Received Import Request.
  Time since last request: 0.099804 seconds.
  path: Assets/Renderer/New Universal Render Pipeline Asset_Renderer.asset
  artifactKey: Guid(faa936e81b95fbc44b23333a3e8eb630) Importer(815301076,1909f56bfc062723c751e8b465ee728b)
Number of updated assets reloaded before import = 0
Start importing Assets/Renderer/New Universal Render Pipeline Asset_Renderer.asset using Guid(faa936e81b95fbc44b23333a3e8eb630) Importer(815301076,1909f56bfc062723c751e8b465ee728b)  -> (artifact id: '96a6261fe37efa8ffaf92bf01e4fb412') in 0.008761 seconds 
Number of asset objects unloaded after import = 1
========================================================================
Received Import Request.
  Time since last request: 1.378121 seconds.
  path: Assets/3D MODELS/Finish Line.fbx
  artifactKey: Guid(cc6b0b99bdea90d4ca5828847fc452cb) Importer(815301076,1909f56bfc062723c751e8b465ee728b)
Number of updated assets reloaded before import = 0
Start importing Assets/3D MODELS/Finish Line.fbx using Guid(cc6b0b99bdea90d4ca5828847fc452cb) Importer(815301076,1909f56bfc062723c751e8b465ee728b)  -> (artifact id: '149ee9f5809fba593eaf7f1a43bb9260') in 1.421428 seconds 
Number of asset objects unloaded after import = 42
========================================================================
Received Import Request.
  Time since last request: 37.516762 seconds.
  path: Assets/PathCreator/Examples/Materials/Blue.mat
  artifactKey: Guid(5c270a73328a99e439fec44a0cf3a17d) Importer(815301076,1909f56bfc062723c751e8b465ee728b)
Number of updated assets reloaded before import = 0
Start importing Assets/PathCreator/Examples/Materials/Blue.mat using Guid(5c270a73328a99e439fec44a0cf3a17d) Importer(815301076,1909f56bfc062723c751e8b465ee728b)  -> (artifact id: '12bdc36ef4a94ede15d3d348c025ba33') in 0.371748 seconds 
Number of asset objects unloaded after import = 2
========================================================================
Received Import Request.
  Time since last request: 0.000031 seconds.
  path: Assets/PathCreator/Examples/Materials/Dark Grey.mat
  artifactKey: Guid(407e3de4fbbcf4a99b17bf5aac2d28d8) Importer(815301076,1909f56bfc062723c751e8b465ee728b)
Number of updated assets reloaded before import = 0
Start importing Assets/PathCreator/Examples/Materials/Dark Grey.mat using Guid(407e3de4fbbcf4a99b17bf5aac2d28d8) Importer(815301076,1909f56bfc062723c751e8b465ee728b)  -> (artifact id: '7bd0551c6fe086f6b6116e4fb5375df5') in 0.034890 seconds 
Number of asset objects unloaded after import = 2
========================================================================
Received Import Request.
  Time since last request: 0.000045 seconds.
  path: Assets/PathCreator/Examples/Materials/Road Texture.png
  artifactKey: Guid(eef7def8a6d89134284369bbe0145515) Importer(815301076,1909f56bfc062723c751e8b465ee728b)
Number of updated assets reloaded before import = 0
Start importing Assets/PathCreator/Examples/Materials/Road Texture.png using Guid(eef7def8a6d89134284369bbe0145515) Importer(815301076,1909f56bfc062723c751e8b465ee728b)  -> (artifact id: 'df49af0515dc53251dd24d6f9083943e') in 1.869135 seconds 
Number of asset objects unloaded after import = 2
========================================================================
Received Import Request.
  Time since last request: 6.057741 seconds.
  path: Assets/sketchfab.fbx
  artifactKey: Guid(dbe79785cfac5a14896be9fd6923ac2b) Importer(815301076,1909f56bfc062723c751e8b465ee728b)
Number of updated assets reloaded before import = 0
Start importing Assets/sketchfab.fbx using Guid(dbe79785cfac5a14896be9fd6923ac2b) Importer(815301076,1909f56bfc062723c751e8b465ee728b)  -> (artifact id: 'ce7aafca2b84c21b7def265e143f0793') in 0.514961 seconds 
Number of asset objects unloaded after import = 84
========================================================================
Received Import Request.
  Time since last request: 8.691880 seconds.
  path: Assets/PathCreator/Examples/Prefabs/Follower.prefab
  artifactKey: Guid(761d600d1e80341ac97f3228771ce637) Importer(815301076,1909f56bfc062723c751e8b465ee728b)
Number of updated assets reloaded before import = 0
Start importing Assets/PathCreator/Examples/Prefabs/Follower.prefab using Guid(761d600d1e80341ac97f3228771ce637) Importer(815301076,1909f56bfc062723c751e8b465ee728b)  -> (artifact id: '53327f7a8d6bc30c49b0e8a72cb44881') in 0.042350 seconds 
Number of asset objects unloaded after import = 32
========================================================================
Received Prepare
Refreshing native plugins compatible for Editor in 7.26 ms, found 3 plugins.
Preloading 0 native plugins for Editor in 0.00 ms.
Unloading 25 Unused Serialized files (Serialized files now loaded: 0)
Unloading 44 unused Assets / (0.7 MB). Loaded Objects now: 5495.
Memory consumption went from 113.3 MB to 112.6 MB.
Total: 8.117800 ms (FindLiveObjects: 0.614100 ms CreateObjectMapping: 1.079300 ms MarkObjects: 5.862900 ms  DeleteObjects: 0.559600 ms)

AssetImportParameters requested are different than current active one (requested -> active):
  custom:video-decoder-ogg-theora: a1e56fd34408186e4bbccfd4996cb3dc -> 
  custom:container-muxer-webm: aa71ff27fc2769a1b78a27578f13a17b -> 
  custom:container-demuxer-webm: 4f35f7cbe854078d1ac9338744f61a02 -> 
  custom:video-encoder-webm-vp8: eb34c28f22e8b96e1ab97ce403110664 -> 
  custom:CustomObjectIndexerAttribute: 6b0e35c9178b02a6363f3721b7b8e397 -> 
  custom:audio-encoder-webm-vorbis: bf7c407c2cedff20999df2af8eb42d56 -> 
  custom:framework-win-MediaFoundation: 216162199b28c13a410421893ffa2e32 -> 
  custom:SearchIndexIgnoredProperties: e643bd26f0fe6173181afceb89e7c659 -> 
  custom:container-demuxer-ogg: 62fdf1f143b41e24485cea50d1cbac27 -> 
  custom:video-decoder-webm-vp8: 9c59270c3fd7afecdb556c50c9e8de78 -> 
  custom:audio-decoder-ogg-vorbis: bf7c407c2cedff20999df2af8eb42d56 -> 
Editor requested this worker to shutdown with reason: Scaling down because of idle timeout
AssetImportWorker is now disconnected from the server
Process exiting
Exiting without the bug reporter. Application will terminate with return code 0