Using pre-set license
Built from '2021.3/staging' branch; Version is '2021.3.37f1 (3b6005ad5ad6) revision 3891205'; Using compiler version '192829333'; Build Type 'Release'
OS: 'Windows 11  (10.0.22631) 64bit Professional' Language: 'tr' Physical Memory: 16222 MB
BatchMode: 1, IsHumanControllingUs: 0, StartBugReporterOnCrash: 0, Is64bit: 1, IsPro: 1

COMMAND LINE ARGUMENTS:
D:\UNITY\2021.3.37f1\Editor\Unity.exe
-adb2
-batchMode
-noUpm
-name
AssetImportWorker2
-projectPath
D:/UNITY/UNITY SCRIPTS/3d cosmic
-logFile
Logs/AssetImportWorker2.log
-srvPort
50208
Successfully changed project path to: D:/UNITY/UNITY SCRIPTS/3d cosmic
D:/UNITY/UNITY SCRIPTS/3d cosmic
[UnityMemory] Configuration Parameters - Can be set up in boot.config
    "memorysetup-bucket-allocator-granularity=16"
    "memorysetup-bucket-allocator-bucket-count=8"
    "memorysetup-bucket-allocator-block-size=33554432"
    "memorysetup-bucket-allocator-block-count=8"
    "memorysetup-main-allocator-block-size=16777216"
    "memorysetup-thread-allocator-block-size=16777216"
    "memorysetup-gfx-main-allocator-block-size=16777216"
    "memorysetup-gfx-thread-allocator-block-size=16777216"
    "memorysetup-cache-allocator-block-size=4194304"
    "memorysetup-typetree-allocator-block-size=2097152"
    "memorysetup-profiler-bucket-allocator-granularity=16"
    "memorysetup-profiler-bucket-allocator-bucket-count=8"
    "memorysetup-profiler-bucket-allocator-block-size=33554432"
    "memorysetup-profiler-bucket-allocator-block-count=8"
    "memorysetup-profiler-allocator-block-size=16777216"
    "memorysetup-profiler-editor-allocator-block-size=1048576"
    "memorysetup-temp-allocator-size-main=16777216"
    "memorysetup-job-temp-allocator-block-size=2097152"
    "memorysetup-job-temp-allocator-block-size-background=1048576"
    "memorysetup-job-temp-allocator-reduction-small-platforms=262144"
    "memorysetup-temp-allocator-size-background-worker=32768"
    "memorysetup-temp-allocator-size-job-worker=262144"
    "memorysetup-temp-allocator-size-preload-manager=33554432"
    "memorysetup-temp-allocator-size-nav-mesh-worker=65536"
    "memorysetup-temp-allocator-size-audio-worker=65536"
    "memorysetup-temp-allocator-size-cloud-worker=32768"
    "memorysetup-temp-allocator-size-gi-baking-worker=262144"
    "memorysetup-temp-allocator-size-gfx=262144"
Player connection [20968] Host "[IP] 192.168.1.20 [Port] 0 [Flags] 2 [Guid] 162508913 [EditorId] 162508913 [Version] 1048832 [Id] WindowsEditor(7,ACS-computer) [Debug] 1 [PackageName] WindowsEditor [ProjectName] Editor" joined multi-casting on [225.0.0.222:54997]...

Player connection [20968] Host "[IP] 192.168.1.20 [Port] 0 [Flags] 2 [Guid] 162508913 [EditorId] 162508913 [Version] 1048832 [Id] WindowsEditor(7,ACS-computer) [Debug] 1 [PackageName] WindowsEditor [ProjectName] Editor" joined alternative multi-casting on [225.0.0.222:34997]...

[Physics::Module] Initialized MultithreadedJobDispatcher with {0} workers.
Refreshing native plugins compatible for Editor in 878.29 ms, found 3 plugins.
Preloading 0 native plugins for Editor in 0.00 ms.
Initialize engine version: 2021.3.37f1 (3b6005ad5ad6)
[Subsystems] Discovering subsystems at path D:/UNITY/2021.3.37f1/Editor/Data/Resources/UnitySubsystems
[Subsystems] Discovering subsystems at path D:/UNITY/UNITY SCRIPTS/3d cosmic/Assets
GfxDevice: creating device client; threaded=0; jobified=0
Direct3D:
    Version:  Direct3D 11.0 [level 11.1]
    Renderer: NVIDIA GeForce GTX 1650 (ID=0x1f99)
    Vendor:   NVIDIA
    VRAM:     3937 MB
    Driver:   32.0.15.5612
Initialize mono
Mono path[0] = 'D:/UNITY/2021.3.37f1/Editor/Data/Managed'
Mono path[1] = 'D:/UNITY/2021.3.37f1/Editor/Data/MonoBleedingEdge/lib/mono/unityjit-win32'
Mono config path = 'D:/UNITY/2021.3.37f1/Editor/Data/MonoBleedingEdge/etc'
Using monoOptions --debugger-agent=transport=dt_socket,embedding=1,server=y,suspend=n,address=127.0.0.1:56832
Begin MonoManager ReloadAssembly
Registering precompiled unity dll's ...
Register platform support module: D:/UNITY/2021.3.37f1/Editor/Data/PlaybackEngines/AndroidPlayer/UnityEditor.Android.Extensions.dll
Register platform support module: D:/UNITY/2021.3.37f1/Editor/Data/PlaybackEngines/WindowsStandaloneSupport/UnityEditor.WindowsStandalone.Extensions.dll
Registered in 0.365878 seconds.
Native extension for WindowsStandalone target not found
Native extension for Android target not found
Android Extension - Scanning For ADB Devices 386 ms
Refreshing native plugins compatible for Editor in 87.43 ms, found 3 plugins.
Preloading 0 native plugins for Editor in 0.00 ms.
Mono: successfully reloaded assembly
- Completed reload, in  6.752 seconds
Domain Reload Profiling:
	ReloadAssembly (6752ms)
		BeginReloadAssembly (4070ms)
			ExecutionOrderSort (0ms)
			DisableScriptedObjects (0ms)
			BackupInstance (0ms)
			ReleaseScriptingObjects (0ms)
			CreateAndSetChildDomain (1ms)
		EndReloadAssembly (1961ms)
			LoadAssemblies (4075ms)
			RebuildTransferFunctionScriptingTraits (0ms)
			SetupTypeCache (926ms)
			ReleaseScriptCaches (0ms)
			RebuildScriptCaches (28ms)
			SetupLoadedEditorAssemblies (967ms)
				LogAssemblyErrors (0ms)
				InitializePlatformSupportModulesInManaged (753ms)
				SetLoadedEditorAssemblies (0ms)
				RefreshPlugins (87ms)
				BeforeProcessingInitializeOnLoad (1ms)
				ProcessInitializeOnLoadAttributes (83ms)
				ProcessInitializeOnLoadMethodAttributes (43ms)
				AfterProcessingInitializeOnLoad (0ms)
				EditorAssembliesLoaded (0ms)
			ExecutionOrderSort2 (0ms)
			AwakeInstancesAfterBackupRestoration (0ms)
Platform modules already initialized, skipping
Registering precompiled user dll's ...
Registered in 1.554664 seconds.
Begin MonoManager ReloadAssembly
Native extension for WindowsStandalone target not found
Native extension for Android target not found
Refreshing native plugins compatible for Editor in 94.74 ms, found 3 plugins.
Preloading 0 native plugins for Editor in 0.00 ms.
Package Manager log level set to [2]
[Package Manager] Server::EnsureServerProcessIsRunning -- launch failed, reason: Unity was launched with the -noUpm command-line argument
[Package Manager] Cannot connect to Unity Package Manager local server
Mono: successfully reloaded assembly
- Completed reload, in  7.099 seconds
Domain Reload Profiling:
	ReloadAssembly (7100ms)
		BeginReloadAssembly (159ms)
			ExecutionOrderSort (0ms)
			DisableScriptedObjects (6ms)
			BackupInstance (0ms)
			ReleaseScriptingObjects (0ms)
			CreateAndSetChildDomain (22ms)
		EndReloadAssembly (6768ms)
			LoadAssemblies (4557ms)
			RebuildTransferFunctionScriptingTraits (0ms)
			SetupTypeCache (1211ms)
			ReleaseScriptCaches (1ms)
			RebuildScriptCaches (54ms)
			SetupLoadedEditorAssemblies (969ms)
				LogAssemblyErrors (0ms)
				InitializePlatformSupportModulesInManaged (16ms)
				SetLoadedEditorAssemblies (0ms)
				RefreshPlugins (95ms)
				BeforeProcessingInitializeOnLoad (101ms)
				ProcessInitializeOnLoadAttributes (679ms)
				ProcessInitializeOnLoadMethodAttributes (75ms)
				AfterProcessingInitializeOnLoad (2ms)
				EditorAssembliesLoaded (0ms)
			ExecutionOrderSort2 (0ms)
			AwakeInstancesAfterBackupRestoration (6ms)
Platform modules already initialized, skipping
========================================================================
Worker process is ready to serve import requests
Launched and connected shader compiler UnityShaderCompiler.exe after 0.44 seconds
Refreshing native plugins compatible for Editor in 1.09 ms, found 3 plugins.
Preloading 0 native plugins for Editor in 0.00 ms.
Unloading 4856 Unused Serialized files (Serialized files now loaded: 0)
Unloading 33 unused Assets / (0.7 MB). Loaded Objects now: 5314.
Memory consumption went from 197.5 MB to 196.8 MB.
Total: 4.600200 ms (FindLiveObjects: 0.458000 ms CreateObjectMapping: 0.503900 ms MarkObjects: 3.239500 ms  DeleteObjects: 0.397400 ms)

AssetImportParameters requested are different than current active one (requested -> active):
  custom:video-decoder-ogg-theora: a1e56fd34408186e4bbccfd4996cb3dc -> 
  custom:container-muxer-webm: aa71ff27fc2769a1b78a27578f13a17b -> 
  custom:container-demuxer-webm: 4f35f7cbe854078d1ac9338744f61a02 -> 
  custom:video-encoder-webm-vp8: eb34c28f22e8b96e1ab97ce403110664 -> 
  custom:CustomObjectIndexerAttribute: 6b0e35c9178b02a6363f3721b7b8e397 -> 
  custom:audio-encoder-webm-vorbis: bf7c407c2cedff20999df2af8eb42d56 -> 
  custom:framework-win-MediaFoundation: 216162199b28c13a410421893ffa2e32 -> 
  custom:SearchIndexIgnoredProperties: e643bd26f0fe6173181afceb89e7c659 -> 
  custom:container-demuxer-ogg: 62fdf1f143b41e24485cea50d1cbac27 -> 
  custom:video-decoder-webm-vp8: 9c59270c3fd7afecdb556c50c9e8de78 -> 
  custom:audio-decoder-ogg-vorbis: bf7c407c2cedff20999df2af8eb42d56 -> 
========================================================================
Received Prepare
Switching render pipeline 00000000000000000000000000000000 -> a62d4295d896130408f3f1cc40f9186f
Refreshing native plugins compatible for Editor in 10.32 ms, found 3 plugins.
Preloading 0 native plugins for Editor in 0.00 ms.
Unloading 74 Unused Serialized files (Serialized files now loaded: 0)
Unloading 26 unused Assets / (0.7 MB). Loaded Objects now: 5362.
Memory consumption went from 96.4 MB to 95.7 MB.
Total: 7.545800 ms (FindLiveObjects: 0.564300 ms CreateObjectMapping: 0.529700 ms MarkObjects: 6.001200 ms  DeleteObjects: 0.448900 ms)

AssetImportParameters requested are different than current active one (requested -> active):
  custom:video-decoder-ogg-theora: a1e56fd34408186e4bbccfd4996cb3dc -> 
  custom:container-muxer-webm: aa71ff27fc2769a1b78a27578f13a17b -> 
  custom:container-demuxer-webm: 4f35f7cbe854078d1ac9338744f61a02 -> 
  custom:video-encoder-webm-vp8: eb34c28f22e8b96e1ab97ce403110664 -> 
  custom:CustomObjectIndexerAttribute: 6b0e35c9178b02a6363f3721b7b8e397 -> 
  custom:audio-encoder-webm-vorbis: bf7c407c2cedff20999df2af8eb42d56 -> 
  custom:framework-win-MediaFoundation: 216162199b28c13a410421893ffa2e32 -> 
  custom:SearchIndexIgnoredProperties: e643bd26f0fe6173181afceb89e7c659 -> 
  custom:container-demuxer-ogg: 62fdf1f143b41e24485cea50d1cbac27 -> 
  custom:video-decoder-webm-vp8: 9c59270c3fd7afecdb556c50c9e8de78 -> 
  custom:audio-decoder-ogg-vorbis: bf7c407c2cedff20999df2af8eb42d56 -> 
========================================================================
Received Import Request.
  Time since last request: 772.718837 seconds.
  path: Assets/Yoge/Textures/Stylized - Nature/Texture_7_Diffuse2.png
  artifactKey: Guid(6006b7323bd204842a403e46790f2aa5) Importer(815301076,1909f56bfc062723c751e8b465ee728b)
Number of updated assets reloaded before import = 0
Start importing Assets/Yoge/Textures/Stylized - Nature/Texture_7_Diffuse2.png using Guid(6006b7323bd204842a403e46790f2aa5) Importer(815301076,1909f56bfc062723c751e8b465ee728b)  -> (artifact id: '1ff973c25591b8bad916772a944a1463') in 0.292462 seconds 
Number of asset objects unloaded after import = 2
========================================================================
Received Import Request.
  Time since last request: 0.014448 seconds.
  path: Assets/Yoge/Textures/Stylized - Nature/Texture_1_Normal.png
  artifactKey: Guid(828ab2769da263e49b49984a62e9a836) Importer(815301076,1909f56bfc062723c751e8b465ee728b)
Number of updated assets reloaded before import = 0
Start importing Assets/Yoge/Textures/Stylized - Nature/Texture_1_Normal.png using Guid(828ab2769da263e49b49984a62e9a836) Importer(815301076,1909f56bfc062723c751e8b465ee728b)  -> (artifact id: '9afa3c8845169357e8c2d32bd5416c8c') in 0.116198 seconds 
Number of asset objects unloaded after import = 2
========================================================================
Received Import Request.
  Time since last request: 0.000030 seconds.
  path: Assets/Yoge/Textures/Stylized - Nature/Texture_6_Diffuse.png
  artifactKey: Guid(c37df54f4dbf847489daef9c80ce784e) Importer(815301076,1909f56bfc062723c751e8b465ee728b)
Number of updated assets reloaded before import = 0
Start importing Assets/Yoge/Textures/Stylized - Nature/Texture_6_Diffuse.png using Guid(c37df54f4dbf847489daef9c80ce784e) Importer(815301076,1909f56bfc062723c751e8b465ee728b)  -> (artifact id: '4b41b64fe80905b81daedd9f953d632a') in 0.141559 seconds 
Number of asset objects unloaded after import = 2
========================================================================
Received Import Request.
  Time since last request: 0.000031 seconds.
  path: Assets/Yoge/Textures/Stylized - Nature/Texture_1_Diffuse.png
  artifactKey: Guid(5917067bbc97e6f48a8d61992e76b800) Importer(815301076,1909f56bfc062723c751e8b465ee728b)
Number of updated assets reloaded before import = 0
Start importing Assets/Yoge/Textures/Stylized - Nature/Texture_1_Diffuse.png using Guid(5917067bbc97e6f48a8d61992e76b800) Importer(815301076,1909f56bfc062723c751e8b465ee728b)  -> (artifact id: 'bec7d168c77e9db0403989ab1b430752') in 0.147532 seconds 
Number of asset objects unloaded after import = 2
========================================================================
Received Import Request.
  Time since last request: 0.000059 seconds.
  path: Assets/Yoge/Textures/Stylized - Nature/Texture_10_2_Diffuse.png
  artifactKey: Guid(cd9580d00d77b81458a44e86ad63f315) Importer(815301076,1909f56bfc062723c751e8b465ee728b)
Number of updated assets reloaded before import = 0
Start importing Assets/Yoge/Textures/Stylized - Nature/Texture_10_2_Diffuse.png using Guid(cd9580d00d77b81458a44e86ad63f315) Importer(815301076,1909f56bfc062723c751e8b465ee728b)  -> (artifact id: '1d4006c8573abc310053092f3607695b') in 0.551012 seconds 
Number of asset objects unloaded after import = 2
========================================================================
Received Import Request.
  Time since last request: 0.000101 seconds.
  path: Assets/Yoge/Textures/Stylized - Nature/Texture_3_Normal.png
  artifactKey: Guid(33d75accc1a06be429c9f0be65be8caa) Importer(815301076,1909f56bfc062723c751e8b465ee728b)
Number of updated assets reloaded before import = 0
Start importing Assets/Yoge/Textures/Stylized - Nature/Texture_3_Normal.png using Guid(33d75accc1a06be429c9f0be65be8caa) Importer(815301076,1909f56bfc062723c751e8b465ee728b)  -> (artifact id: '173bfd9e77885ce2892d6d62159434c9') in 0.346773 seconds 
Number of asset objects unloaded after import = 2
========================================================================
Received Import Request.
  Time since last request: 0.025282 seconds.
  path: Assets/Yoge/Textures/Stylized - Nature/Texture_3_Diffuse3.png
  artifactKey: Guid(9287ca778582ede4892b9d209abb46f7) Importer(815301076,1909f56bfc062723c751e8b465ee728b)
Number of updated assets reloaded before import = 0
Start importing Assets/Yoge/Textures/Stylized - Nature/Texture_3_Diffuse3.png using Guid(9287ca778582ede4892b9d209abb46f7) Importer(815301076,1909f56bfc062723c751e8b465ee728b)  -> (artifact id: '6a579dc979820420064b141f52b611cf') in 0.355361 seconds 
Number of asset objects unloaded after import = 2
========================================================================
Received Import Request.
  Time since last request: 0.000037 seconds.
  path: Assets/Yoge/Textures/Stylized - Nature/Texture_6_1_Diffuse.png
  artifactKey: Guid(3070d37c4c38ef54795c765e99fafd8b) Importer(815301076,1909f56bfc062723c751e8b465ee728b)
Number of updated assets reloaded before import = 0
Start importing Assets/Yoge/Textures/Stylized - Nature/Texture_6_1_Diffuse.png using Guid(3070d37c4c38ef54795c765e99fafd8b) Importer(815301076,1909f56bfc062723c751e8b465ee728b)  -> (artifact id: '8f18e9e75f0d8f0c240f7d0369e72c31') in 0.069310 seconds 
Number of asset objects unloaded after import = 2
========================================================================
Received Import Request.
  Time since last request: 0.000082 seconds.
  path: Assets/Yoge/Textures/Stylized - Nature/Texture_1_Diffuse3.png
  artifactKey: Guid(2448760f70686634ca8706edb8f146a0) Importer(815301076,1909f56bfc062723c751e8b465ee728b)
Number of updated assets reloaded before import = 0
Start importing Assets/Yoge/Textures/Stylized - Nature/Texture_1_Diffuse3.png using Guid(2448760f70686634ca8706edb8f146a0) Importer(815301076,1909f56bfc062723c751e8b465ee728b)  -> (artifact id: '81d0624e380d00d56d94a1062928251e') in 0.062248 seconds 
Number of asset objects unloaded after import = 2
========================================================================
Received Import Request.
  Time since last request: 0.000024 seconds.
  path: Assets/Yoge/Textures/Stylized - Nature/Texture_6_1_Normal.png
  artifactKey: Guid(923dc8fa4fbcbd346a446fb8afe0b709) Importer(815301076,1909f56bfc062723c751e8b465ee728b)
Number of updated assets reloaded before import = 0
Start importing Assets/Yoge/Textures/Stylized - Nature/Texture_6_1_Normal.png using Guid(923dc8fa4fbcbd346a446fb8afe0b709) Importer(815301076,1909f56bfc062723c751e8b465ee728b)  -> (artifact id: '0a5548ea0075b84800ed9eb9941086e9') in 0.073281 seconds 
Number of asset objects unloaded after import = 2
========================================================================
Received Import Request.
  Time since last request: 0.000028 seconds.
  path: Assets/Yoge/Textures/Stylized - Nature/Texture_2_Diffuse3.png
  artifactKey: Guid(87756ca91962c5e4daf14bbc608c1bec) Importer(815301076,1909f56bfc062723c751e8b465ee728b)
Number of updated assets reloaded before import = 0
Start importing Assets/Yoge/Textures/Stylized - Nature/Texture_2_Diffuse3.png using Guid(87756ca91962c5e4daf14bbc608c1bec) Importer(815301076,1909f56bfc062723c751e8b465ee728b)  -> (artifact id: 'a78ba96fee191c73c3cea10f4dfc8f9f') in 0.189132 seconds 
Number of asset objects unloaded after import = 2
========================================================================
Received Import Request.
  Time since last request: 0.016159 seconds.
  path: Assets/Yoge/Textures/Stylized - Nature/Texture_6_Normal.png
  artifactKey: Guid(352c954c78aa76045a14f0b0fe803ec1) Importer(815301076,1909f56bfc062723c751e8b465ee728b)
Number of updated assets reloaded before import = 0
Start importing Assets/Yoge/Textures/Stylized - Nature/Texture_6_Normal.png using Guid(352c954c78aa76045a14f0b0fe803ec1) Importer(815301076,1909f56bfc062723c751e8b465ee728b)  -> (artifact id: 'a1eb8e51cc524c089c70d6eaa2b8de58') in 0.143744 seconds 
Number of asset objects unloaded after import = 2
========================================================================
Received Import Request.
  Time since last request: 0.000035 seconds.
  path: Assets/Yoge/Textures/Stylized - Nature/Texture_10_1_Diffuse.png
  artifactKey: Guid(f5b08884e8079c542b618a4659935aef) Importer(815301076,1909f56bfc062723c751e8b465ee728b)
Number of updated assets reloaded before import = 0
Start importing Assets/Yoge/Textures/Stylized - Nature/Texture_10_1_Diffuse.png using Guid(f5b08884e8079c542b618a4659935aef) Importer(815301076,1909f56bfc062723c751e8b465ee728b)  -> (artifact id: '2476a9b10e4b80361a7f5ae5eb2a9972') in 0.251371 seconds 
Number of asset objects unloaded after import = 2
========================================================================
Received Import Request.
  Time since last request: 16.643916 seconds.
  path: Assets/Real Stars Skybox/StarSkybox04NamedConstell/StarSkybox04NamedConstell3.png
  artifactKey: Guid(9cd21000384bca14bbac1e6d1c07063d) Importer(815301076,1909f56bfc062723c751e8b465ee728b)
Number of updated assets reloaded before import = 0
Start importing Assets/Real Stars Skybox/StarSkybox04NamedConstell/StarSkybox04NamedConstell3.png using Guid(9cd21000384bca14bbac1e6d1c07063d) Importer(815301076,1909f56bfc062723c751e8b465ee728b)  -> (artifact id: '050f063123d640fed52a3766bc6cb7d1') in 0.537566 seconds 
Number of asset objects unloaded after import = 2
========================================================================
Received Import Request.
  Time since last request: 0.000031 seconds.
  path: Assets/Real Stars Skybox/StarSkybox04NamedConstell/StarSkybox04NamedConstell6.png
  artifactKey: Guid(8618acc75ce91dc4494071915deab9c0) Importer(815301076,1909f56bfc062723c751e8b465ee728b)
Number of updated assets reloaded before import = 0
Start importing Assets/Real Stars Skybox/StarSkybox04NamedConstell/StarSkybox04NamedConstell6.png using Guid(8618acc75ce91dc4494071915deab9c0) Importer(815301076,1909f56bfc062723c751e8b465ee728b)  -> (artifact id: 'f451d64dccdc757efb906130b0084917') in 0.146463 seconds 
Number of asset objects unloaded after import = 2
========================================================================
Received Import Request.
  Time since last request: 10.743801 seconds.
  path: Assets/Yoge/Textures/Stylized - Nature/Texture_12_Diffuse.png
  artifactKey: Guid(5be61121a9b88ae418a1c6752c2c1577) Importer(815301076,1909f56bfc062723c751e8b465ee728b)
Number of updated assets reloaded before import = 0
Start importing Assets/Yoge/Textures/Stylized - Nature/Texture_12_Diffuse.png using Guid(5be61121a9b88ae418a1c6752c2c1577) Importer(815301076,1909f56bfc062723c751e8b465ee728b)  -> (artifact id: '07835af1ea3e870f7899ab648a5564d8') in 0.299403 seconds 
Number of asset objects unloaded after import = 2
========================================================================
Received Import Request.
  Time since last request: 0.000030 seconds.
  path: Assets/Yoge/Textures/Stylized - Nature/Texture_14_Normal.png
  artifactKey: Guid(0687c32702987e34498e1f6659dbcd9d) Importer(815301076,1909f56bfc062723c751e8b465ee728b)
Number of updated assets reloaded before import = 0
Start importing Assets/Yoge/Textures/Stylized - Nature/Texture_14_Normal.png using Guid(0687c32702987e34498e1f6659dbcd9d) Importer(815301076,1909f56bfc062723c751e8b465ee728b)  -> (artifact id: '4de701c2a4ec343ba7cfb978a1a8d3f0') in 0.500193 seconds 
Number of asset objects unloaded after import = 2
========================================================================
Received Import Request.
  Time since last request: 0.000023 seconds.
  path: Assets/Yoge/Textures/Stylized - Nature/Texture_15_Diffuse.png
  artifactKey: Guid(d379c9e185ffab4419bd2d736d133242) Importer(815301076,1909f56bfc062723c751e8b465ee728b)
Number of updated assets reloaded before import = 0
Start importing Assets/Yoge/Textures/Stylized - Nature/Texture_15_Diffuse.png using Guid(d379c9e185ffab4419bd2d736d133242) Importer(815301076,1909f56bfc062723c751e8b465ee728b)  -> (artifact id: '107c4702bccbfaa68897777c42d5243e') in 0.240626 seconds 
Number of asset objects unloaded after import = 2
========================================================================
Received Import Request.
  Time since last request: 0.001170 seconds.
  path: Assets/Yoge/Textures/Stylized - Nature/Texture_14_Diffuse.png
  artifactKey: Guid(4939a689ef9addf49950ddbf947f1ea7) Importer(815301076,1909f56bfc062723c751e8b465ee728b)
Number of updated assets reloaded before import = 0
Start importing Assets/Yoge/Textures/Stylized - Nature/Texture_14_Diffuse.png using Guid(4939a689ef9addf49950ddbf947f1ea7) Importer(815301076,1909f56bfc062723c751e8b465ee728b)  -> (artifact id: '1118dd21fbd06b40c19ad0805d0c174d') in 0.157264 seconds 
Number of asset objects unloaded after import = 2
========================================================================
Received Import Request.
  Time since last request: 0.087261 seconds.
  path: Assets/Renderer/New Universal Render Pipeline Asset.asset
  artifactKey: Guid(a62d4295d896130408f3f1cc40f9186f) Importer(815301076,1909f56bfc062723c751e8b465ee728b)
Number of updated assets reloaded before import = 0
Start importing Assets/Renderer/New Universal Render Pipeline Asset.asset using Guid(a62d4295d896130408f3f1cc40f9186f) Importer(815301076,1909f56bfc062723c751e8b465ee728b)  -> (artifact id: '086681acda9f7ded3216846067a6cb2b') in 0.012711 seconds 
Number of asset objects unloaded after import = 1
========================================================================
Received Import Request.
  Time since last request: 1.374305 seconds.
  path: Assets/3D MODELS/ace.mat
  artifactKey: Guid(86dd7d1e27ca8964293fed61abe4993d) Importer(815301076,1909f56bfc062723c751e8b465ee728b)
Number of updated assets reloaded before import = 0
Start importing Assets/3D MODELS/ace.mat using Guid(86dd7d1e27ca8964293fed61abe4993d) Importer(815301076,1909f56bfc062723c751e8b465ee728b)  -> (artifact id: 'b4754e4be2d63583992e5cb8cfa42f9c') in 0.493609 seconds 
Number of asset objects unloaded after import = 12
========================================================================
Received Import Request.
  Time since last request: 0.000042 seconds.
  path: Assets/3D MODELS/sketchfab.fbx
  artifactKey: Guid(a51f80d5bc030754aa80524d43f3540b) Importer(815301076,1909f56bfc062723c751e8b465ee728b)
Number of updated assets reloaded before import = 0
Start importing Assets/3D MODELS/sketchfab.fbx using Guid(a51f80d5bc030754aa80524d43f3540b) Importer(815301076,1909f56bfc062723c751e8b465ee728b)  -> (artifact id: 'd6abe070712606fa1715114428797e4d') in 1.303156 seconds 
Number of asset objects unloaded after import = 84
========================================================================
Received Import Request.
  Time since last request: 37.126014 seconds.
  path: Assets/PathCreator/Examples/Materials/Black.mat
  artifactKey: Guid(69561553b86bde34da494d1ffed3ba45) Importer(815301076,1909f56bfc062723c751e8b465ee728b)
Number of updated assets reloaded before import = 0
Start importing Assets/PathCreator/Examples/Materials/Black.mat using Guid(69561553b86bde34da494d1ffed3ba45) Importer(815301076,1909f56bfc062723c751e8b465ee728b)  -> (artifact id: '8e693a99f3f6e0182f2151ab02fecf26') in 0.368250 seconds 
Number of asset objects unloaded after import = 2
========================================================================
Received Import Request.
  Time since last request: 0.000044 seconds.
  path: Assets/PathCreator/Examples/Materials/Green.mat
  artifactKey: Guid(9ca80467a033e954a8b9ad8601d6f4c7) Importer(815301076,1909f56bfc062723c751e8b465ee728b)
Number of updated assets reloaded before import = 0
Start importing Assets/PathCreator/Examples/Materials/Green.mat using Guid(9ca80467a033e954a8b9ad8601d6f4c7) Importer(815301076,1909f56bfc062723c751e8b465ee728b)  -> (artifact id: 'af2a1940a8cd95d823f3f99ef6f8bc44') in 0.037709 seconds 
Number of asset objects unloaded after import = 2
========================================================================
Received Import Request.
  Time since last request: 0.000037 seconds.
  path: Assets/PathCreator/Examples/Materials/Road Underside.mat
  artifactKey: Guid(c1d8d882244c5344fa86a8fd23246f81) Importer(815301076,1909f56bfc062723c751e8b465ee728b)
Number of updated assets reloaded before import = 0
Start importing Assets/PathCreator/Examples/Materials/Road Underside.mat using Guid(c1d8d882244c5344fa86a8fd23246f81) Importer(815301076,1909f56bfc062723c751e8b465ee728b)  -> (artifact id: '2b99e17c929404045e9ff56e531b9459') in 0.030890 seconds 
Number of asset objects unloaded after import = 2
========================================================================
Received Import Request.
  Time since last request: 7.890884 seconds.
  path: Assets/Renderer
  artifactKey: Guid(593451c2c3b174a4ba16fd031096c27c) Importer(815301076,1909f56bfc062723c751e8b465ee728b)
Number of updated assets reloaded before import = 0
Start importing Assets/Renderer using Guid(593451c2c3b174a4ba16fd031096c27c) Importer(815301076,1909f56bfc062723c751e8b465ee728b)  -> (artifact id: 'd404258fd4d06cedda7973836edca24c') in 0.011361 seconds 
Number of asset objects unloaded after import = 0
========================================================================
Received Import Request.
  Time since last request: 8.903405 seconds.
  path: Assets/PathCreator/Examples/Prefabs/Cube.prefab
  artifactKey: Guid(f19b52bc2573b4e508c60232d5ba4c53) Importer(815301076,1909f56bfc062723c751e8b465ee728b)
Number of updated assets reloaded before import = 0
Start importing Assets/PathCreator/Examples/Prefabs/Cube.prefab using Guid(f19b52bc2573b4e508c60232d5ba4c53) Importer(815301076,1909f56bfc062723c751e8b465ee728b)  -> (artifact id: '3c763446b1ab9f1c2324fdcdc9bb9cba') in 0.320464 seconds 
Number of asset objects unloaded after import = 7
========================================================================
Received Import Request.
  Time since last request: 0.007417 seconds.
  path: Assets/PathCreator/Examples/Prefabs/Sphere.prefab
  artifactKey: Guid(cb2e1e8aa0d44489c8d332b91c9a4202) Importer(815301076,1909f56bfc062723c751e8b465ee728b)
Number of updated assets reloaded before import = 0
Start importing Assets/PathCreator/Examples/Prefabs/Sphere.prefab using Guid(cb2e1e8aa0d44489c8d332b91c9a4202) Importer(815301076,1909f56bfc062723c751e8b465ee728b)  -> (artifact id: '48970bb134b228c91ab6ee3fd53aa4d7') in 0.042552 seconds 
Number of asset objects unloaded after import = 7
========================================================================
Received Prepare
Refreshing native plugins compatible for Editor in 7.33 ms, found 3 plugins.
Preloading 0 native plugins for Editor in 0.00 ms.
Unloading 25 Unused Serialized files (Serialized files now loaded: 0)
Unloading 44 unused Assets / (0.7 MB). Loaded Objects now: 5497.
Memory consumption went from 113.2 MB to 112.5 MB.
Total: 6.153200 ms (FindLiveObjects: 0.559800 ms CreateObjectMapping: 0.613200 ms MarkObjects: 4.548400 ms  DeleteObjects: 0.430500 ms)

AssetImportParameters requested are different than current active one (requested -> active):
  custom:video-decoder-ogg-theora: a1e56fd34408186e4bbccfd4996cb3dc -> 
  custom:container-muxer-webm: aa71ff27fc2769a1b78a27578f13a17b -> 
  custom:container-demuxer-webm: 4f35f7cbe854078d1ac9338744f61a02 -> 
  custom:video-encoder-webm-vp8: eb34c28f22e8b96e1ab97ce403110664 -> 
  custom:CustomObjectIndexerAttribute: 6b0e35c9178b02a6363f3721b7b8e397 -> 
  custom:audio-encoder-webm-vorbis: bf7c407c2cedff20999df2af8eb42d56 -> 
  custom:framework-win-MediaFoundation: 216162199b28c13a410421893ffa2e32 -> 
  custom:SearchIndexIgnoredProperties: e643bd26f0fe6173181afceb89e7c659 -> 
  custom:container-demuxer-ogg: 62fdf1f143b41e24485cea50d1cbac27 -> 
  custom:video-decoder-webm-vp8: 9c59270c3fd7afecdb556c50c9e8de78 -> 
  custom:audio-decoder-ogg-vorbis: bf7c407c2cedff20999df2af8eb42d56 -> 
========================================================================
Received Import Request.
  Time since last request: 28.785991 seconds.
  path: Assets/Renderer/New Universal Render Pipeline Asset_Renderer.asset
  artifactKey: Guid(faa936e81b95fbc44b23333a3e8eb630) Importer(815301076,1909f56bfc062723c751e8b465ee728b)
Number of updated assets reloaded before import = 0
Start importing Assets/Renderer/New Universal Render Pipeline Asset_Renderer.asset using Guid(faa936e81b95fbc44b23333a3e8eb630) Importer(815301076,1909f56bfc062723c751e8b465ee728b)  -> (artifact id: 'db2c618a9f36f35d3d01d4075961310c') in 0.003986 seconds 
Number of asset objects unloaded after import = 1
